<?xml version="1.0" encoding="utf-8"?><testsuites name="pytest tests"><testsuite name="pytest" errors="0" failures="0" skipped="0" tests="6" time="1.814" timestamp="2026-08-08T11:07:17.848782+00:00" hostname="agent-env-e2c19a3c-a1d5-4146-b293-be2bbc009414"><testcase classname="tests.test_leads" name="test_root" time="0.230" /><testcase classname="tests.test_leads" name="test_create_lead_valid" time="0.414" /><testcase classname="tests.test_leads" name="test_create_lead_minimal" time="0.289" /><testcase classname="tests.test_leads" name="test_lead_invalid_email" time="0.098" /><testcase classname="tests.test_leads" name="test_lead_missing_required" time="0.093" /><testcase classname="tests.test_leads" name="test_status_check_flow" time="0.182" /></testsuite></testsuites>