<?xml version="1.0" encoding="utf-8"?><testsuites name="pytest tests"><testsuite name="pytest" errors="0" failures="0" skipped="0" tests="4" time="7.126" timestamp="2026-08-08T12:04:08.344637+00:00" hostname="agent-env-e2c19a3c-a1d5-4146-b293-be2bbc009414"><testcase classname="tests.test_ai.TestAICreateShipment" name="test_create_shipment_ocean_shenzhen_hamburg" time="6.628" /><testcase classname="tests.test_ai.TestAIInsight" name="test_insight_returns_nonempty" time="3.093" /><testcase classname="tests.test_ai.TestAIInsight" name="test_insight_with_question" time="2.855" /><testcase classname="tests.test_ai.TestLeadsRegression" name="test_create_lead" time="0.622" /></testsuite></testsuites>